<?xml version="1.0" encoding="UTF-8"?>
<!-- Generated by org.testng.reporters.JUnitReportReporter -->
<testsuite hostname="Kokilavani-PC" name="automatingUptoPayement.Final2" tests="1" failures="0" timestamp="6 Dec 2019 04:42:45 GMT" time="22.345" errors="0">
  <testcase name="addBag" time="22.345" classname="automatingUptoPayement.Final2"/>
</testsuite> <!-- automatingUptoPayement.Final2 -->
